c:\users\olivier\source\repos\generatic\generatic\debug\vc120.pdb
c:\users\olivier\source\repos\generatic\generatic\debug\vc120.idb
c:\users\olivier\source\repos\generatic\generatic\debug\cmd.obj
c:\users\olivier\source\repos\generatic\generatic\debug\exparser.obj
c:\users\olivier\source\repos\generatic\generatic\debug\csv-reader.obj
c:\users\olivier\source\repos\generatic\generatic\debug\datamodel.obj
c:\users\olivier\source\repos\generatic\generatic\debug\filesystem.obj
c:\users\olivier\source\repos\generatic\generatic\debug\girlparser.obj
c:\users\olivier\source\repos\generatic\generatic\debug\installing.obj
c:\users\olivier\source\repos\generatic\generatic\debug\library-strings.obj
c:\users\olivier\source\repos\generatic\generatic\debug\main.obj
c:\users\olivier\source\repos\generatic\generatic\debug\parse-cmd.obj
c:\users\olivier\source\repos\generatic\debug\generatic.ilk
c:\users\olivier\source\repos\generatic\debug\generatic.exe
c:\users\olivier\source\repos\generatic\debug\generatic.pdb
c:\users\olivier\source\repos\generatic\generatic\debug\generatic.tlog\cl.command.1.tlog
c:\users\olivier\source\repos\generatic\generatic\debug\generatic.tlog\cl.read.1.tlog
c:\users\olivier\source\repos\generatic\generatic\debug\generatic.tlog\cl.write.1.tlog
c:\users\olivier\source\repos\generatic\generatic\debug\generatic.tlog\link.command.1.tlog
c:\users\olivier\source\repos\generatic\generatic\debug\generatic.tlog\link.read.1.tlog
c:\users\olivier\source\repos\generatic\generatic\debug\generatic.tlog\link.write.1.tlog
